mktextfm Arial
mktextfm Arial
mktextfm Arial
mktextfm Arial/BI
mktextfm Arial
mktextfm Arial/B
mktextfm Arial
mktextfm Arial/I
mktextfm Arial
mktextfm Arial
mktextfm Arial
mktextfm Arial
mktextfm Arial
mktextfm Arial
mktextfm Arial
mktextfm Arial
mktextfm Arial
mktextfm Arial
mktextfm Arial
mktextfm Arial
mktextfm Arial
mktextfm adf
mktextfm adf
mktextfm adf
mktextfm adf/BI
mktextfm adf
mktextfm adf/B
mktextfm adf
mktextfm adf/I
mktextfm adf
mktextfm adf
mktextfm adf
mktextfm adf
mktextfm adf
mktextfm adf
mktextfm adf
mktextfm adf
mktextfm adf
mktextfm adf
mktextfm adf
mktextfm adf
mktextfm adf
